%!Adobe-FontList 1.23
%Locale:0x406

%BeginFont
Handler:DirectoryHandler
FontType:Type1
FontName:FuturaStd-Bold
FamilyName:Futura Std
StyleName:Bold
FullName:Futura Std Bold
MenuName:Futura Std Book
StyleBits:2
WritingScript:Roman
OutlineFileName:\\dkgjfil01\FileStorage\GJ Content Creation\Website\2022_navigation_UI\GJ_web_navigation_UI_2022_v2 Folder\Document fonts\FuturaStd-Bold.otf
DataFormat:sfntData
UsesStandardEncoding:yes
isCFF:yes
hasSVG:no
VariableFontType:NonVariableFont
FileLength:26900
FileModTime:1220430456
WeightClass:700
WidthClass:5
AngleClass:0
NameArray:0,Mac,4,Futura Std Bold
NameArray:0,Win,1,Futura Std Book
NameArray:0,Win,16,Futura Std
%EndFont

%BeginFont
Handler:DirectoryHandler
FontType:Type1
FontName:FuturaStd-Book
FamilyName:Futura Std
StyleName:Book
FullName:Futura Std Book
MenuName:Futura Std Book
StyleBits:0
WritingScript:Roman
OutlineFileName:\\dkgjfil01\FileStorage\GJ Content Creation\Website\2022_navigation_UI\GJ_web_navigation_UI_2022_v2 Folder\Document fonts\FuturaStd-Book.otf
DataFormat:sfntData
UsesStandardEncoding:yes
isCFF:yes
hasSVG:no
VariableFontType:NonVariableFont
FileLength:25708
FileModTime:1220430460
WeightClass:400
WidthClass:5
AngleClass:0
NameArray:0,Mac,4,Futura Std Book
NameArray:0,Win,1,Futura Std Book
NameArray:0,Win,16,Futura Std
%EndFont

%BeginFont
Handler:DirectoryHandler
FontType:Type1
FontName:FuturaStd-Medium
FamilyName:Futura Std
StyleName:Medium
FullName:Futura Std Medium
MenuName:Futura Std Medium
StyleBits:0
WritingScript:Roman
OutlineFileName:\\dkgjfil01\FileStorage\GJ Content Creation\Website\2022_navigation_UI\GJ_web_navigation_UI_2022_v2 Folder\Document fonts\FuturaStd-Medium.otf
DataFormat:sfntData
UsesStandardEncoding:yes
isCFF:yes
hasSVG:no
VariableFontType:NonVariableFont
FileLength:25504
FileModTime:1220430492
WeightClass:500
WidthClass:5
AngleClass:0
NameArray:0,Mac,4,Futura Std Medium
NameArray:0,Win,1,Futura Std Medium
NameArray:0,Win,16,Futura Std
%EndFont

